<?xml version="1.0" encoding="UTF-8"?>
<testsuites>
  <testsuite name="rexpro-php" tests="27" assertions="69" failures="0" errors="0" time="2.595997">
    <testsuite name="brightzone\rexpro\tests\RexsterTest" file="/home/parallels/devs/gremlin-php/src/tests/RexsterTest.php" namespace="brightzone\rexpro\tests" fullPackage="gremlin" category="DB" package="gremlin" tests="22" assertions="58" failures="0" errors="0" time="1.543359">
      <testcase name="testCreateUuid" class="brightzone\rexpro\tests\RexsterTest" file="/home/parallels/devs/gremlin-php/src/tests/RexsterTest.php" line="24" assertions="8" time="0.026528"/>
      <testcase name="testConvertIntTo32Bit" class="brightzone\rexpro\tests\RexsterTest" file="/home/parallels/devs/gremlin-php/src/tests/RexsterTest.php" line="47" assertions="7" time="0.014167"/>
      <testcase name="testConvertIntFrom32Bit" class="brightzone\rexpro\tests\RexsterTest" file="/home/parallels/devs/gremlin-php/src/tests/RexsterTest.php" line="71" assertions="3" time="0.004031"/>
      <testcase name="testConnectSuccess" class="brightzone\rexpro\tests\RexsterTest" file="/home/parallels/devs/gremlin-php/src/tests/RexsterTest.php" line="88" assertions="0" time="0.023287"/>
      <testcase name="testConnectErrorsUknownHost" class="brightzone\rexpro\tests\RexsterTest" file="/home/parallels/devs/gremlin-php/src/tests/RexsterTest.php" line="107" assertions="1" time="0.603818"/>
      <testcase name="testConnectErrorsWrongPort" class="brightzone\rexpro\tests\RexsterTest" file="/home/parallels/devs/gremlin-php/src/tests/RexsterTest.php" line="121" assertions="1" time="0.001981"/>
      <testcase name="testConnectCloseSuccess" class="brightzone\rexpro\tests\RexsterTest" file="/home/parallels/devs/gremlin-php/src/tests/RexsterTest.php" line="133" assertions="0" time="0.002382"/>
      <testcase name="testRunScriptNoSession" class="brightzone\rexpro\tests\RexsterTest" file="/home/parallels/devs/gremlin-php/src/tests/RexsterTest.php" line="148" assertions="4" time="0.015915"/>
      <testcase name="testRunScriptSession" class="brightzone\rexpro\tests\RexsterTest" file="/home/parallels/devs/gremlin-php/src/tests/RexsterTest.php" line="172" assertions="5" time="0.247005"/>
      <testcase name="testRunScriptWithBindings" class="brightzone\rexpro\tests\RexsterTest" file="/home/parallels/devs/gremlin-php/src/tests/RexsterTest.php" line="197" assertions="3" time="0.038105"/>
      <testcase name="testRunScriptWithVarsInSession" class="brightzone\rexpro\tests\RexsterTest" file="/home/parallels/devs/gremlin-php/src/tests/RexsterTest.php" line="219" assertions="4" time="0.218934"/>
      <testcase name="testRunScriptWithBindingsInSession" class="brightzone\rexpro\tests\RexsterTest" file="/home/parallels/devs/gremlin-php/src/tests/RexsterTest.php" line="247" assertions="4" time="0.244838"/>
      <testcase name="testSendMessageWithoutConnection" class="brightzone\rexpro\tests\RexsterTest" file="/home/parallels/devs/gremlin-php/src/tests/RexsterTest.php" line="276" assertions="1" time="0.003897"/>
      <testcase name="testRunScriptWithoutConnection" class="brightzone\rexpro\tests\RexsterTest" file="/home/parallels/devs/gremlin-php/src/tests/RexsterTest.php" line="291" assertions="1" time="0.011918"/>
      <testcase name="testgetSerializer" class="brightzone\rexpro\tests\RexsterTest" file="/home/parallels/devs/gremlin-php/src/tests/RexsterTest.php" line="302" assertions="2" time="0.009830"/>
      <testcase name="testgetSerializerName" class="brightzone\rexpro\tests\RexsterTest" file="/home/parallels/devs/gremlin-php/src/tests/RexsterTest.php" line="317" assertions="1" time="0.002591"/>
      <testcase name="testgetSerializerByMimeType" class="brightzone\rexpro\tests\RexsterTest" file="/home/parallels/devs/gremlin-php/src/tests/RexsterTest.php" line="330" assertions="2" time="0.004336"/>
      <testcase name="testIncorrectGremlin" class="brightzone\rexpro\tests\RexsterTest" file="/home/parallels/devs/gremlin-php/src/tests/RexsterTest.php" line="348" assertions="2" time="0.024875"/>
      <testcase name="testEmptyResult" class="brightzone\rexpro\tests\RexsterTest" file="/home/parallels/devs/gremlin-php/src/tests/RexsterTest.php" line="364" assertions="2" time="0.023679"/>
      <testcase name="testRandomGenerator" class="brightzone\rexpro\tests\RexsterTest" file="/home/parallels/devs/gremlin-php/src/tests/RexsterTest.php" line="378" assertions="2" time="0.007957"/>
      <testcase name="testMessageIsset" class="brightzone\rexpro\tests\RexsterTest" file="/home/parallels/devs/gremlin-php/src/tests/RexsterTest.php" line="390" assertions="3" time="0.008529"/>
      <testcase name="testMessageGetError" class="brightzone\rexpro\tests\RexsterTest" file="/home/parallels/devs/gremlin-php/src/tests/RexsterTest.php" line="408" assertions="2" time="0.004755"/>
    </testsuite>
    <testsuite name="brightzone\rexpro\tests\RexsterTransactionTest" file="/home/parallels/devs/gremlin-php/src/tests/RexsterTransactionTest.php" namespace="brightzone\rexpro\tests" fullPackage="gremlin" category="DB" package="gremlin" tests="5" assertions="11" failures="0" errors="0" time="1.052639">
      <testcase name="testTransactions" class="brightzone\rexpro\tests\RexsterTransactionTest" file="/home/parallels/devs/gremlin-php/src/tests/RexsterTransactionTest.php" line="24" assertions="5" time="0.375969"/>
      <testcase name="testTransactionsMultiRun" class="brightzone\rexpro\tests\RexsterTransactionTest" file="/home/parallels/devs/gremlin-php/src/tests/RexsterTransactionTest.php" line="64" assertions="3" time="0.361806"/>
      <testcase name="testTransactionWithNoGraphObj" class="brightzone\rexpro\tests\RexsterTransactionTest" file="/home/parallels/devs/gremlin-php/src/tests/RexsterTransactionTest.php" line="105" assertions="1" time="0.010694"/>
      <testcase name="testSeveralRunningTransactionStart" class="brightzone\rexpro\tests\RexsterTransactionTest" file="/home/parallels/devs/gremlin-php/src/tests/RexsterTransactionTest.php" line="119" assertions="1" time="0.295692"/>
      <testcase name="testTransactionStopWithNoTransaction" class="brightzone\rexpro\tests\RexsterTransactionTest" file="/home/parallels/devs/gremlin-php/src/tests/RexsterTransactionTest.php" line="134" assertions="1" time="0.008478"/>
    </testsuite>
  </testsuite>
</testsuites>
